2025-09-25T00:22:24.400-05:00  INFO 21232 --- [usuarios-tokens] [main] c.u.UsuariosTokensApplication            : Starting UsuariosTokensApplication using Java 21.0.2 with PID 21232 (C:\Users\microservicios\springboot_integrador\tecsup-vocacional-springboot\microservices\usuarios-tokens\target\classes started by Roberto Lopez in C:\Users\microservicios\springboot_integrador\tecsup-vocacional-springboot\microservices\usuarios-tokens)
2025-09-25T00:22:24.406-05:00  INFO 21232 --- [usuarios-tokens] [main] c.u.UsuariosTokensApplication            : No active profile set, falling back to 1 default profile: "default"
2025-09-25T00:22:24.965-05:00  INFO 21232 --- [usuarios-tokens] [main] .s.d.r.c.RepositoryConfigurationDelegate : Bootstrapping Spring Data JPA repositories in DEFAULT mode.
2025-09-25T00:22:25.031-05:00  INFO 21232 --- [usuarios-tokens] [main] .s.d.r.c.RepositoryConfigurationDelegate : Finished Spring Data repository scanning in 59 ms. Found 4 JPA repository interfaces.
2025-09-25T00:22:25.436-05:00  INFO 21232 --- [usuarios-tokens] [main] o.s.b.w.embedded.tomcat.TomcatWebServer  : Tomcat initialized with port 8081 (http)
2025-09-25T00:22:25.448-05:00  INFO 21232 --- [usuarios-tokens] [main] o.apache.catalina.core.StandardService   : Starting service [Tomcat]
2025-09-25T00:22:25.449-05:00  INFO 21232 --- [usuarios-tokens] [main] o.apache.catalina.core.StandardEngine    : Starting Servlet engine: [Apache Tomcat/10.1.46]
2025-09-25T00:22:25.491-05:00  INFO 21232 --- [usuarios-tokens] [main] o.a.c.c.C.[Tomcat].[localhost].[/]       : Initializing Spring embedded WebApplicationContext
2025-09-25T00:22:25.492-05:00  INFO 21232 --- [usuarios-tokens] [main] w.s.c.ServletWebServerApplicationContext : Root WebApplicationContext: initialization completed in 1054 ms
2025-09-25T00:22:25.588-05:00  INFO 21232 --- [usuarios-tokens] [main] o.hibernate.jpa.internal.util.LogHelper  : HHH000204: Processing PersistenceUnitInfo [name: default]
2025-09-25T00:22:25.644-05:00  INFO 21232 --- [usuarios-tokens] [main] org.hibernate.Version                    : HHH000412: Hibernate ORM core version 6.6.29.Final
2025-09-25T00:22:25.677-05:00  INFO 21232 --- [usuarios-tokens] [main] o.h.c.internal.RegionFactoryInitiator    : HHH000026: Second-level cache disabled
2025-09-25T00:22:25.907-05:00  INFO 21232 --- [usuarios-tokens] [main] o.s.o.j.p.SpringPersistenceUnitInfo      : No LoadTimeWeaver setup: ignoring JPA class transformer
2025-09-25T00:22:25.931-05:00  INFO 21232 --- [usuarios-tokens] [main] com.zaxxer.hikari.HikariDataSource       : HikariPool-1 - Starting...
2025-09-25T00:22:26.086-05:00  INFO 21232 --- [usuarios-tokens] [main] com.zaxxer.hikari.pool.HikariPool        : HikariPool-1 - Added connection org.postgresql.jdbc.PgConnection@68f776ee
2025-09-25T00:22:26.087-05:00  INFO 21232 --- [usuarios-tokens] [main] com.zaxxer.hikari.HikariDataSource       : HikariPool-1 - Start completed.
2025-09-25T00:22:26.136-05:00  WARN 21232 --- [usuarios-tokens] [main] org.hibernate.orm.deprecation            : HHH90000025: PostgreSQLDialect does not need to be specified explicitly using 'hibernate.dialect' (remove the property setting and it will be selected by default)
2025-09-25T00:22:26.150-05:00  INFO 21232 --- [usuarios-tokens] [main] org.hibernate.orm.connections.pooling    : HHH10001005: Database info:
	Database JDBC URL [Connecting through datasource 'HikariDataSource (HikariPool-1)']
	Database driver: undefined/unknown
	Database version: 17.5
	Autocommit mode: undefined/unknown
	Isolation level: undefined/unknown
	Minimum pool size: undefined/unknown
	Maximum pool size: undefined/unknown
2025-09-25T00:22:26.880-05:00  INFO 21232 --- [usuarios-tokens] [main] o.h.e.t.j.p.i.JtaPlatformInitiator       : HHH000489: No JTA platform available (set 'hibernate.transaction.jta.platform' to enable JTA platform integration)
2025-09-25T00:22:26.989-05:00  INFO 21232 --- [usuarios-tokens] [main] j.LocalContainerEntityManagerFactoryBean : Initialized JPA EntityManagerFactory for persistence unit 'default'
2025-09-25T00:22:27.201-05:00  INFO 21232 --- [usuarios-tokens] [main] o.s.d.j.r.query.QueryEnhancerFactory     : Hibernate is in classpath; If applicable, HQL parser will be used.
2025-09-25T00:22:27.780-05:00  INFO 21232 --- [usuarios-tokens] [main] eAuthenticationProviderManagerConfigurer : Global AuthenticationManager configured with AuthenticationProvider bean with name authenticationProvider
2025-09-25T00:22:27.781-05:00  WARN 21232 --- [usuarios-tokens] [main] r$InitializeUserDetailsManagerConfigurer : Global AuthenticationManager configured with an AuthenticationProvider bean. UserDetailsService beans will not be used by Spring Security for automatically configuring username/password login. Consider removing the AuthenticationProvider bean. Alternatively, consider using the UserDetailsService in a manually instantiated DaoAuthenticationProvider. If the current configuration is intentional, to turn off this warning, increase the logging level of 'org.springframework.security.config.annotation.authentication.configuration.InitializeUserDetailsBeanManagerConfigurer' to ERROR
2025-09-25T00:22:27.883-05:00  WARN 21232 --- [usuarios-tokens] [main] JpaBaseConfiguration$JpaWebConfiguration : spring.jpa.open-in-view is enabled by default. Therefore, database queries may be performed during view rendering. Explicitly configure spring.jpa.open-in-view to disable this warning
2025-09-25T00:22:28.257-05:00  INFO 21232 --- [usuarios-tokens] [main] o.s.b.w.embedded.tomcat.TomcatWebServer  : Tomcat started on port 8081 (http) with context path '/'
2025-09-25T00:22:28.262-05:00  INFO 21232 --- [usuarios-tokens] [main] c.u.UsuariosTokensApplication            : Started UsuariosTokensApplication in 4.203 seconds (process running for 4.413)
2025-09-25T00:30:35.104-05:00  INFO 21232 --- [usuarios-tokens] [http-nio-8081-exec-1] o.a.c.c.C.[Tomcat].[localhost].[/]       : Initializing Spring DispatcherServlet 'dispatcherServlet'
2025-09-25T00:30:35.105-05:00  INFO 21232 --- [usuarios-tokens] [http-nio-8081-exec-1] o.s.web.servlet.DispatcherServlet        : Initializing Servlet 'dispatcherServlet'
2025-09-25T00:30:35.107-05:00  INFO 21232 --- [usuarios-tokens] [http-nio-8081-exec-1] o.s.web.servlet.DispatcherServlet        : Completed initialization in 2 ms
2025-09-25T00:31:26.499-05:00  INFO 21232 --- [usuarios-tokens] [http-nio-8081-exec-3] c.u.controller.AuthController            : Password validation requested
2025-09-25T00:31:40.736-05:00  INFO 21232 --- [usuarios-tokens] [http-nio-8081-exec-8] c.u.controller.AuthController            : Registering user: Lopez
2025-09-25T00:31:40.742-05:00  INFO 21232 --- [usuarios-tokens] [http-nio-8081-exec-8] c.u.service.impl.AuthServiceImpl         : Registering user: Lopez
2025-09-25T00:31:52.858-05:00  INFO 21232 --- [usuarios-tokens] [http-nio-8081-exec-5] c.u.controller.AuthController            : Login attempt: Lopez
2025-09-25T00:31:52.863-05:00  INFO 21232 --- [usuarios-tokens] [http-nio-8081-exec-5] c.u.service.impl.AuthServiceImpl         : Authenticating user: Lopez
2025-09-25T00:31:53.205-05:00  INFO 21232 --- [usuarios-tokens] [http-nio-8081-exec-5] c.u.security.SecurityEventListener       : Login exitoso: Lopez
2025-09-25T00:33:29.011-05:00  INFO 21232 --- [usuarios-tokens] [http-nio-8081-exec-4] c.u.service.impl.EmailServiceImpl        : [EMAIL] Enviando verificaci贸n a roberto.lopez@tecsup.edu.pe con token verif-1-1758778409011
2025-09-25T00:33:29.013-05:00  INFO 21232 --- [usuarios-tokens] [http-nio-8081-exec-4] c.u.service.impl.UserServiceImpl         : Email de verificaci贸n reenviado a: roberto.lopez@tecsup.edu.pe
2025-09-25T00:46:28.023-05:00  INFO 21232 --- [usuarios-tokens] [http-nio-8081-exec-2] c.u.service.impl.EmailServiceImpl        : [EMAIL] Enviando verificaci贸n a roberto.lopez@tecsup.edu.pe con token verif-1-1758779188023
2025-09-25T00:46:28.024-05:00  INFO 21232 --- [usuarios-tokens] [http-nio-8081-exec-2] c.u.service.impl.UserServiceImpl         : Email de verificaci贸n reenviado a: roberto.lopez@tecsup.edu.pe
2025-09-25T01:01:41.352-05:00  INFO 21232 --- [usuarios-tokens] [SpringApplicationShutdownHook] o.s.b.w.e.tomcat.GracefulShutdown        : Commencing graceful shutdown. Waiting for active requests to complete
2025-09-25T01:01:41.373-05:00  INFO 21232 --- [usuarios-tokens] [tomcat-shutdown] o.s.b.w.e.tomcat.GracefulShutdown        : Graceful shutdown complete
2025-09-25T01:01:41.387-05:00  INFO 21232 --- [usuarios-tokens] [SpringApplicationShutdownHook] j.LocalContainerEntityManagerFactoryBean : Closing JPA EntityManagerFactory for persistence unit 'default'
2025-09-25T01:01:41.397-05:00  INFO 21232 --- [usuarios-tokens] [SpringApplicationShutdownHook] com.zaxxer.hikari.HikariDataSource       : HikariPool-1 - Shutdown initiated...
2025-09-25T01:01:41.403-05:00  INFO 21232 --- [usuarios-tokens] [SpringApplicationShutdownHook] com.zaxxer.hikari.HikariDataSource       : HikariPool-1 - Shutdown completed.
